Copyright 1986-2020 Xilinx, Inc. All Rights Reserved.
------------------------------------------------------------------------------------------------------------------------------------------------------------------
| Tool Version : Vivado v.2020.1 (lin64) Build 2902540 Wed May 27 19:54:35 MDT 2020
| Date         : Sun Nov 26 23:30:33 2023
| Host         : linuxvdi-28.ece.iastate.edu running 64-bit Red Hat Enterprise Linux release 8.8 (Ootpa)
| Command      : report_drc -file mlp_system_design_wrapper_drc_opted.rpt -pb mlp_system_design_wrapper_drc_opted.pb -rpx mlp_system_design_wrapper_drc_opted.rpx
| Design       : mlp_system_design_wrapper
| Device       : xc7z020clg484-1
| Speed File   : -1
| Design State : Synthesized
------------------------------------------------------------------------------------------------------------------------------------------------------------------

Report DRC

Table of Contents
-----------------
1. REPORT SUMMARY
2. REPORT DETAILS

1. REPORT SUMMARY
-----------------
            Netlist: netlist
          Floorplan: design_1
      Design limits: <entire design considered>
           Ruledeck: default
             Max violations: <unlimited>
             Violations found: 9
+-----------+----------+----------------------------+------------+
| Rule      | Severity | Description                | Violations |
+-----------+----------+----------------------------+------------+
| REQP-1840 | Warning  | RAMB18 async control check | 8          |
| REQP-181  | Advisory | writefirst                 | 1          |
+-----------+----------+----------------------------+------------+

2. REPORT DETAILS
-----------------
REQP-1840#1 Warning
RAMB18 async control check  
The RAMB18E1 mlp_system_design_i/mlp_conv_0/U0/mlp_conv_v1_0_S01_AXI_inst/BRAM_GEN[0].BYTE_BRAM_GEN[0].byte_ram_reg has an input control pin mlp_system_design_i/mlp_conv_0/U0/mlp_conv_v1_0_S01_AXI_inst/BRAM_GEN[0].BYTE_BRAM_GEN[0].byte_ram_reg/WEA[0] (net: mlp_system_design_i/mlp_conv_0/U0/mlp_conv_v1_0_S01_AXI_inst/p_19_in) which is driven by a register (mlp_system_design_i/periph_intercon/m07_couplers/auto_ds/inst/gen_downsizer.gen_simple_downsizer.axi_downsizer_inst/USE_WRITE.write_addr_inst/cmd_queue/inst/fifo_gen_inst/inst_fifo_gen/gconvfifo.rf/grf.rf/gntv_or_sync_fifo.gl0.rd/gr1.gr1_int.rfwft/empty_fwft_i_reg) that has an active asychronous set or reset. This may cause corruption of the memory contents and/or read values when the set/reset is asserted and is not analyzed by the default static timing analysis. It is suggested to eliminate the use of a set/reset to registers driving this RAMB pin or else use a synchronous reset in which the assertion of the reset is timed by default.
Related violations: <none>

REQP-1840#2 Warning
RAMB18 async control check  
The RAMB18E1 mlp_system_design_i/mlp_conv_0/U0/mlp_conv_v1_0_S01_AXI_inst/BRAM_GEN[0].BYTE_BRAM_GEN[0].byte_ram_reg has an input control pin mlp_system_design_i/mlp_conv_0/U0/mlp_conv_v1_0_S01_AXI_inst/BRAM_GEN[0].BYTE_BRAM_GEN[0].byte_ram_reg/WEA[1] (net: mlp_system_design_i/mlp_conv_0/U0/mlp_conv_v1_0_S01_AXI_inst/p_19_in) which is driven by a register (mlp_system_design_i/periph_intercon/m07_couplers/auto_ds/inst/gen_downsizer.gen_simple_downsizer.axi_downsizer_inst/USE_WRITE.write_addr_inst/cmd_queue/inst/fifo_gen_inst/inst_fifo_gen/gconvfifo.rf/grf.rf/gntv_or_sync_fifo.gl0.rd/gr1.gr1_int.rfwft/empty_fwft_i_reg) that has an active asychronous set or reset. This may cause corruption of the memory contents and/or read values when the set/reset is asserted and is not analyzed by the default static timing analysis. It is suggested to eliminate the use of a set/reset to registers driving this RAMB pin or else use a synchronous reset in which the assertion of the reset is timed by default.
Related violations: <none>

REQP-1840#3 Warning
RAMB18 async control check  
The RAMB18E1 mlp_system_design_i/mlp_conv_0/U0/mlp_conv_v1_0_S01_AXI_inst/BRAM_GEN[0].BYTE_BRAM_GEN[1].byte_ram_reg has an input control pin mlp_system_design_i/mlp_conv_0/U0/mlp_conv_v1_0_S01_AXI_inst/BRAM_GEN[0].BYTE_BRAM_GEN[1].byte_ram_reg/WEA[0] (net: mlp_system_design_i/mlp_conv_0/U0/mlp_conv_v1_0_S01_AXI_inst/p_19_in) which is driven by a register (mlp_system_design_i/periph_intercon/m07_couplers/auto_ds/inst/gen_downsizer.gen_simple_downsizer.axi_downsizer_inst/USE_WRITE.write_addr_inst/cmd_queue/inst/fifo_gen_inst/inst_fifo_gen/gconvfifo.rf/grf.rf/gntv_or_sync_fifo.gl0.rd/gr1.gr1_int.rfwft/empty_fwft_i_reg) that has an active asychronous set or reset. This may cause corruption of the memory contents and/or read values when the set/reset is asserted and is not analyzed by the default static timing analysis. It is suggested to eliminate the use of a set/reset to registers driving this RAMB pin or else use a synchronous reset in which the assertion of the reset is timed by default.
Related violations: <none>

REQP-1840#4 Warning
RAMB18 async control check  
The RAMB18E1 mlp_system_design_i/mlp_conv_0/U0/mlp_conv_v1_0_S01_AXI_inst/BRAM_GEN[0].BYTE_BRAM_GEN[1].byte_ram_reg has an input control pin mlp_system_design_i/mlp_conv_0/U0/mlp_conv_v1_0_S01_AXI_inst/BRAM_GEN[0].BYTE_BRAM_GEN[1].byte_ram_reg/WEA[1] (net: mlp_system_design_i/mlp_conv_0/U0/mlp_conv_v1_0_S01_AXI_inst/p_19_in) which is driven by a register (mlp_system_design_i/periph_intercon/m07_couplers/auto_ds/inst/gen_downsizer.gen_simple_downsizer.axi_downsizer_inst/USE_WRITE.write_addr_inst/cmd_queue/inst/fifo_gen_inst/inst_fifo_gen/gconvfifo.rf/grf.rf/gntv_or_sync_fifo.gl0.rd/gr1.gr1_int.rfwft/empty_fwft_i_reg) that has an active asychronous set or reset. This may cause corruption of the memory contents and/or read values when the set/reset is asserted and is not analyzed by the default static timing analysis. It is suggested to eliminate the use of a set/reset to registers driving this RAMB pin or else use a synchronous reset in which the assertion of the reset is timed by default.
Related violations: <none>

REQP-1840#5 Warning
RAMB18 async control check  
The RAMB18E1 mlp_system_design_i/mlp_conv_0/U0/mlp_conv_v1_0_S01_AXI_inst/BRAM_GEN[0].BYTE_BRAM_GEN[2].byte_ram_reg has an input control pin mlp_system_design_i/mlp_conv_0/U0/mlp_conv_v1_0_S01_AXI_inst/BRAM_GEN[0].BYTE_BRAM_GEN[2].byte_ram_reg/WEA[0] (net: mlp_system_design_i/mlp_conv_0/U0/mlp_conv_v1_0_S01_AXI_inst/p_19_in) which is driven by a register (mlp_system_design_i/periph_intercon/m07_couplers/auto_ds/inst/gen_downsizer.gen_simple_downsizer.axi_downsizer_inst/USE_WRITE.write_addr_inst/cmd_queue/inst/fifo_gen_inst/inst_fifo_gen/gconvfifo.rf/grf.rf/gntv_or_sync_fifo.gl0.rd/gr1.gr1_int.rfwft/empty_fwft_i_reg) that has an active asychronous set or reset. This may cause corruption of the memory contents and/or read values when the set/reset is asserted and is not analyzed by the default static timing analysis. It is suggested to eliminate the use of a set/reset to registers driving this RAMB pin or else use a synchronous reset in which the assertion of the reset is timed by default.
Related violations: <none>

REQP-1840#6 Warning
RAMB18 async control check  
The RAMB18E1 mlp_system_design_i/mlp_conv_0/U0/mlp_conv_v1_0_S01_AXI_inst/BRAM_GEN[0].BYTE_BRAM_GEN[2].byte_ram_reg has an input control pin mlp_system_design_i/mlp_conv_0/U0/mlp_conv_v1_0_S01_AXI_inst/BRAM_GEN[0].BYTE_BRAM_GEN[2].byte_ram_reg/WEA[1] (net: mlp_system_design_i/mlp_conv_0/U0/mlp_conv_v1_0_S01_AXI_inst/p_19_in) which is driven by a register (mlp_system_design_i/periph_intercon/m07_couplers/auto_ds/inst/gen_downsizer.gen_simple_downsizer.axi_downsizer_inst/USE_WRITE.write_addr_inst/cmd_queue/inst/fifo_gen_inst/inst_fifo_gen/gconvfifo.rf/grf.rf/gntv_or_sync_fifo.gl0.rd/gr1.gr1_int.rfwft/empty_fwft_i_reg) that has an active asychronous set or reset. This may cause corruption of the memory contents and/or read values when the set/reset is asserted and is not analyzed by the default static timing analysis. It is suggested to eliminate the use of a set/reset to registers driving this RAMB pin or else use a synchronous reset in which the assertion of the reset is timed by default.
Related violations: <none>

REQP-1840#7 Warning
RAMB18 async control check  
The RAMB18E1 mlp_system_design_i/mlp_conv_0/U0/mlp_conv_v1_0_S01_AXI_inst/BRAM_GEN[0].BYTE_BRAM_GEN[3].byte_ram_reg has an input control pin mlp_system_design_i/mlp_conv_0/U0/mlp_conv_v1_0_S01_AXI_inst/BRAM_GEN[0].BYTE_BRAM_GEN[3].byte_ram_reg/WEA[0] (net: mlp_system_design_i/mlp_conv_0/U0/mlp_conv_v1_0_S01_AXI_inst/p_19_in) which is driven by a register (mlp_system_design_i/periph_intercon/m07_couplers/auto_ds/inst/gen_downsizer.gen_simple_downsizer.axi_downsizer_inst/USE_WRITE.write_addr_inst/cmd_queue/inst/fifo_gen_inst/inst_fifo_gen/gconvfifo.rf/grf.rf/gntv_or_sync_fifo.gl0.rd/gr1.gr1_int.rfwft/empty_fwft_i_reg) that has an active asychronous set or reset. This may cause corruption of the memory contents and/or read values when the set/reset is asserted and is not analyzed by the default static timing analysis. It is suggested to eliminate the use of a set/reset to registers driving this RAMB pin or else use a synchronous reset in which the assertion of the reset is timed by default.
Related violations: <none>

REQP-1840#8 Warning
RAMB18 async control check  
The RAMB18E1 mlp_system_design_i/mlp_conv_0/U0/mlp_conv_v1_0_S01_AXI_inst/BRAM_GEN[0].BYTE_BRAM_GEN[3].byte_ram_reg has an input control pin mlp_system_design_i/mlp_conv_0/U0/mlp_conv_v1_0_S01_AXI_inst/BRAM_GEN[0].BYTE_BRAM_GEN[3].byte_ram_reg/WEA[1] (net: mlp_system_design_i/mlp_conv_0/U0/mlp_conv_v1_0_S01_AXI_inst/p_19_in) which is driven by a register (mlp_system_design_i/periph_intercon/m07_couplers/auto_ds/inst/gen_downsizer.gen_simple_downsizer.axi_downsizer_inst/USE_WRITE.write_addr_inst/cmd_queue/inst/fifo_gen_inst/inst_fifo_gen/gconvfifo.rf/grf.rf/gntv_or_sync_fifo.gl0.rd/gr1.gr1_int.rfwft/empty_fwft_i_reg) that has an active asychronous set or reset. This may cause corruption of the memory contents and/or read values when the set/reset is asserted and is not analyzed by the default static timing analysis. It is suggested to eliminate the use of a set/reset to registers driving this RAMB pin or else use a synchronous reset in which the assertion of the reset is timed by default.
Related violations: <none>

REQP-181#1 Advisory
writefirst  
Synchronous clocking is detected for BRAM (mlp_system_design_i/system_dma/U0/GEN_SIMPLE_MODE.I_SIMPLE_MODE_WRAP/GEN_INCLUDE_SF.I_STORE_FORWARD/I_DATA_FIFO/I_SYNC_FIFOGEN_FIFO/xpm_fifo_instance.xpm_fifo_sync_inst/xpm_fifo_base_inst/gen_sdpram.xpm_memory_base_inst/gen_wr_a.gen_word_narrow.mem_reg) in SDP mode with WRITE_FIRST write-mode. This is the preferred mode for best power characteristics, however it may exhibit address collisions if the same address appears on both read and write ports resulting in unknown or corrupted read data. It is suggested to confirm via simulation that an address collision never occurs and if so it is suggested to try and avoid this situation. If address collisions cannot be avoided, the write-mode may be set to READ_FIRST which guarantees that the read data is the prior contents of the memory at the cost of additional power in the design. See the FPGA Memory Resources User Guide for additional information.
Related violations: <none>


